c:\users\ldj\source\repos\firstproject1\firstproject1\debug\vc142.pdb
c:\users\ldj\source\repos\firstproject1\firstproject1\debug\vc142.idb
c:\users\ldj\source\repos\firstproject1\firstproject1\debug\statictext.obj
c:\users\ldj\source\repos\firstproject1\firstproject1\debug\mp3infownd.obj
c:\users\ldj\source\repos\firstproject1\firstproject1\debug\folderlist_treeview.obj
c:\users\ldj\source\repos\firstproject1\firstproject1\debug\mainwindow.obj
c:\users\ldj\source\repos\firstproject1\firstproject1\debug\global.obj
c:\users\ldj\source\repos\firstproject1\firstproject1\debug\findmp3.obj
c:\users\ldj\source\repos\firstproject1\firstproject1\debug\filelistview.obj
c:\users\ldj\source\repos\firstproject1\firstproject1\debug\folderregisterbtn.obj
c:\users\ldj\source\repos\firstproject1\debug\firstproject1.exe
c:\users\ldj\source\repos\firstproject1\debug\firstproject1.ilk
c:\users\ldj\source\repos\firstproject1\debug\firstproject1.pdb
c:\users\ldj\source\repos\firstproject1\firstproject1\debug\firstproject1.res
c:\users\ldj\source\repos\firstproject1\firstproject1\debug\firstproject1.tlog\cl.command.1.tlog
c:\users\ldj\source\repos\firstproject1\firstproject1\debug\firstproject1.tlog\cl.read.1.tlog
c:\users\ldj\source\repos\firstproject1\firstproject1\debug\firstproject1.tlog\cl.write.1.tlog
c:\users\ldj\source\repos\firstproject1\firstproject1\debug\firstproject1.tlog\link.command.1.tlog
c:\users\ldj\source\repos\firstproject1\firstproject1\debug\firstproject1.tlog\link.read.1.tlog
c:\users\ldj\source\repos\firstproject1\firstproject1\debug\firstproject1.tlog\link.write.1.tlog
c:\users\ldj\source\repos\firstproject1\firstproject1\debug\firstproject1.tlog\rc.command.1.tlog
c:\users\ldj\source\repos\firstproject1\firstproject1\debug\firstproject1.tlog\rc.read.1.tlog
c:\users\ldj\source\repos\firstproject1\firstproject1\debug\firstproject1.tlog\rc.write.1.tlog
